{"D:/Projects/atask-test/src/App.tsx": {"path":"D:/Projects/atask-test/src/App.tsx","statementMap":{"0":{"start":{"line":6,"column":20},"end":{"line":12,"column":null}},"1":{"start":{"line":15,"column":2},"end":{"line":19,"column":null}}},"fnMap":{"0":{"name":"App","decl":{"start":{"line":14,"column":9},"end":{"line":14,"column":15}},"loc":{"start":{"line":14,"column":15},"end":{"line":21,"column":null}}}},"branchMap":{},"s":{"0":0,"1":0},"f":{"0":0},"b":{}}
,"D:/Projects/atask-test/src/main.tsx": {"path":"D:/Projects/atask-test/src/main.tsx","statementMap":{"0":{"start":{"line":6,"column":0},"end":{"line":10,"column":null}}},"fnMap":{},"branchMap":{},"s":{"0":0},"f":{},"b":{}}
,"D:/Projects/atask-test/src/api/api.ts": {"path":"D:/Projects/atask-test/src/api/api.ts","statementMap":{"0":{"start":{"line":4,"column":17},"end":{"line":4,"column":null}},"1":{"start":{"line":6,"column":17},"end":{"line":23,"column":null}},"2":{"start":{"line":7,"column":14},"end":{"line":13,"column":null}},"3":{"start":{"line":14,"column":2},"end":{"line":17,"column":null}},"4":{"start":{"line":15,"column":16},"end":{"line":15,"column":null}},"5":{"start":{"line":16,"column":15},"end":{"line":16,"column":null}},"6":{"start":{"line":18,"column":2},"end":{"line":21,"column":null}},"7":{"start":{"line":19,"column":18},"end":{"line":19,"column":null}},"8":{"start":{"line":20,"column":15},"end":{"line":20,"column":null}},"9":{"start":{"line":22,"column":2},"end":{"line":22,"column":null}},"10":{"start":{"line":25,"column":16},"end":{"line":28,"column":null}},"11":{"start":{"line":26,"column":38},"end":{"line":26,"column":null}},"12":{"start":{"line":27,"column":44},"end":{"line":27,"column":null}}},"fnMap":{"0":{"name":"(anonymous_0)","decl":{"start":{"line":6,"column":17},"end":{"line":6,"column":23}},"loc":{"start":{"line":6,"column":23},"end":{"line":23,"column":null}}},"1":{"name":"(anonymous_1)","decl":{"start":{"line":15,"column":4},"end":{"line":15,"column":5}},"loc":{"start":{"line":15,"column":16},"end":{"line":15,"column":null}}},"2":{"name":"(anonymous_2)","decl":{"start":{"line":16,"column":4},"end":{"line":16,"column":5}},"loc":{"start":{"line":16,"column":15},"end":{"line":16,"column":null}}},"3":{"name":"(anonymous_3)","decl":{"start":{"line":19,"column":4},"end":{"line":19,"column":5}},"loc":{"start":{"line":19,"column":18},"end":{"line":19,"column":null}}},"4":{"name":"(anonymous_4)","decl":{"start":{"line":20,"column":4},"end":{"line":20,"column":5}},"loc":{"start":{"line":20,"column":15},"end":{"line":20,"column":null}}},"5":{"name":"(anonymous_5)","decl":{"start":{"line":26,"column":16},"end":{"line":26,"column":17}},"loc":{"start":{"line":26,"column":38},"end":{"line":26,"column":null}}},"6":{"name":"(anonymous_6)","decl":{"start":{"line":27,"column":22},"end":{"line":27,"column":23}},"loc":{"start":{"line":27,"column":44},"end":{"line":27,"column":null}}}},"branchMap":{},"s":{"0":0,"1":0,"2":0,"3":0,"4":0,"5":0,"6":0,"7":0,"8":0,"9":0,"10":0,"11":0,"12":0},"f":{"0":0,"1":0,"2":0,"3":0,"4":0,"5":0,"6":0},"b":{}}
,"D:/Projects/atask-test/src/components/CardRepository.tsx": {"path":"D:/Projects/atask-test/src/components/CardRepository.tsx","statementMap":{"0":{"start":{"line":11,"column":23},"end":{"line":40,"column":null}},"1":{"start":{"line":12,"column":2},"end":{"line":39,"column":null}},"2":{"start":{"line":19,"column":12},"end":{"line":32,"column":null}}},"fnMap":{"0":{"name":"(anonymous_0)","decl":{"start":{"line":11,"column":23},"end":{"line":11,"column":24}},"loc":{"start":{"line":11,"column":99},"end":{"line":40,"column":null}}},"1":{"name":"(anonymous_1)","decl":{"start":{"line":18,"column":56},"end":{"line":18,"column":57}},"loc":{"start":{"line":19,"column":12},"end":{"line":32,"column":null}}}},"branchMap":{"0":{"loc":{"start":{"line":12,"column":9},"end":{"line":39,"column":null}},"type":"cond-expr","locations":[{"start":{"line":14,"column":6},"end":{"line":14,"column":null}},{"start":{"line":16,"column":6},"end":{"line":39,"column":null}}]},"1":{"loc":{"start":{"line":12,"column":9},"end":{"line":12,"column":null}},"type":"binary-expr","locations":[{"start":{"line":12,"column":9},"end":{"line":12,"column":34}},{"start":{"line":12,"column":34},"end":{"line":12,"column":null}}]},"2":{"loc":{"start":{"line":14,"column":22},"end":{"line":14,"column":71}},"type":"binary-expr","locations":[{"start":{"line":14,"column":22},"end":{"line":14,"column":48}},{"start":{"line":14,"column":48},"end":{"line":14,"column":71}}]},"3":{"loc":{"start":{"line":18,"column":10},"end":{"line":37,"column":null}},"type":"cond-expr","locations":[{"start":{"line":18,"column":38},"end":{"line":33,"column":null}},{"start":{"line":35,"column":12},"end":{"line":37,"column":null}}]},"4":{"loc":{"start":{"line":18,"column":10},"end":{"line":18,"column":38}},"type":"binary-expr","locations":[{"start":{"line":18,"column":10},"end":{"line":18,"column":34}},{"start":{"line":18,"column":34},"end":{"line":18,"column":38}}]}},"s":{"0":1,"1":4,"2":30},"f":{"0":4,"1":30},"b":{"0":[2,2],"1":[4,3],"2":[2,1],"3":[1,1],"4":[2,0]}}
,"D:/Projects/atask-test/src/components/ListSection.tsx": {"path":"D:/Projects/atask-test/src/components/ListSection.tsx","statementMap":{"0":{"start":{"line":6,"column":20},"end":{"line":60,"column":null}},"1":{"start":{"line":7,"column":88},"end":{"line":7,"column":null}},"2":{"start":{"line":8,"column":56},"end":{"line":8,"column":null}},"3":{"start":{"line":9,"column":131},"end":{"line":9,"column":null}},"4":{"start":{"line":11,"column":38},"end":{"line":11,"column":null}},"5":{"start":{"line":13,"column":44},"end":{"line":17,"column":null}},"6":{"start":{"line":19,"column":2},"end":{"line":21,"column":null}},"7":{"start":{"line":20,"column":4},"end":{"line":20,"column":null}},"8":{"start":{"line":23,"column":2},"end":{"line":31,"column":null}},"9":{"start":{"line":24,"column":4},"end":{"line":30,"column":null}},"10":{"start":{"line":25,"column":6},"end":{"line":29,"column":null}},"11":{"start":{"line":33,"column":27},"end":{"line":50,"column":null}},"12":{"start":{"line":34,"column":29},"end":{"line":34,"column":null}},"13":{"start":{"line":35,"column":26},"end":{"line":35,"column":null}},"14":{"start":{"line":36,"column":4},"end":{"line":36,"column":null}},"15":{"start":{"line":37,"column":4},"end":{"line":37,"column":null}},"16":{"start":{"line":38,"column":4},"end":{"line":38,"column":null}},"17":{"start":{"line":39,"column":4},"end":{"line":49,"column":null}},"18":{"start":{"line":40,"column":6},"end":{"line":45,"column":null}},"19":{"start":{"line":41,"column":8},"end":{"line":44,"column":null}},"20":{"start":{"line":46,"column":6},"end":{"line":48,"column":null}},"21":{"start":{"line":52,"column":2},"end":{"line":52,"column":null}},"22":{"start":{"line":52,"column":18},"end":{"line":52,"column":null}},"23":{"start":{"line":54,"column":2},"end":{"line":58,"column":null}}},"fnMap":{"0":{"name":"(anonymous_0)","decl":{"start":{"line":6,"column":20},"end":{"line":6,"column":26}},"loc":{"start":{"line":6,"column":26},"end":{"line":60,"column":null}}},"1":{"name":"(anonymous_1)","decl":{"start":{"line":19,"column":12},"end":{"line":19,"column":18}},"loc":{"start":{"line":19,"column":18},"end":{"line":21,"column":5}}},"2":{"name":"(anonymous_2)","decl":{"start":{"line":23,"column":12},"end":{"line":23,"column":18}},"loc":{"start":{"line":23,"column":18},"end":{"line":31,"column":5}}},"3":{"name":"(anonymous_3)","decl":{"start":{"line":24,"column":43},"end":{"line":24,"column":44}},"loc":{"start":{"line":24,"column":60},"end":{"line":30,"column":5}}},"4":{"name":"(anonymous_4)","decl":{"start":{"line":33,"column":27},"end":{"line":33,"column":28}},"loc":{"start":{"line":33,"column":48},"end":{"line":50,"column":null}}},"5":{"name":"(anonymous_5)","decl":{"start":{"line":39,"column":40},"end":{"line":39,"column":41}},"loc":{"start":{"line":39,"column":57},"end":{"line":49,"column":5}}}},"branchMap":{"0":{"loc":{"start":{"line":34,"column":29},"end":{"line":34,"column":null}},"type":"binary-expr","locations":[{"start":{"line":34,"column":29},"end":{"line":34,"column":64}},{"start":{"line":34,"column":64},"end":{"line":34,"column":null}}]},"1":{"loc":{"start":{"line":35,"column":33},"end":{"line":35,"column":61}},"type":"binary-expr","locations":[{"start":{"line":35,"column":33},"end":{"line":35,"column":60}},{"start":{"line":35,"column":60},"end":{"line":35,"column":61}}]},"2":{"loc":{"start":{"line":40,"column":6},"end":{"line":45,"column":null}},"type":"if","locations":[{"start":{"line":40,"column":6},"end":{"line":45,"column":null}},{"start":{},"end":{}}]},"3":{"loc":{"start":{"line":52,"column":2},"end":{"line":52,"column":null}},"type":"if","locations":[{"start":{"line":52,"column":2},"end":{"line":52,"column":null}},{"start":{},"end":{}}]}},"s":{"0":0,"1":0,"2":0,"3":0,"4":0,"5":0,"6":0,"7":0,"8":0,"9":0,"10":0,"11":0,"12":0,"13":0,"14":0,"15":0,"16":0,"17":0,"18":0,"19":0,"20":0,"21":0,"22":0,"23":0},"f":{"0":0,"1":0,"2":0,"3":0,"4":0,"5":0},"b":{"0":[0,0],"1":[0,0],"2":[0,0],"3":[0,0]}}
,"D:/Projects/atask-test/src/components/SearchSection/index.tsx": {"path":"D:/Projects/atask-test/src/components/SearchSection/index.tsx","statementMap":{"0":{"start":{"line":9,"column":22},"end":{"line":52,"column":null}},"1":{"start":{"line":10,"column":17},"end":{"line":10,"column":null}},"2":{"start":{"line":11,"column":87},"end":{"line":11,"column":null}},"3":{"start":{"line":13,"column":42},"end":{"line":13,"column":null}},"4":{"start":{"line":15,"column":53},"end":{"line":17,"column":null}},"5":{"start":{"line":16,"column":4},"end":{"line":16,"column":null}},"6":{"start":{"line":19,"column":2},"end":{"line":50,"column":null}},"7":{"start":{"line":35,"column":14},"end":{"line":35,"column":null}},"8":{"start":{"line":36,"column":14},"end":{"line":36,"column":null}}},"fnMap":{"0":{"name":"(anonymous_0)","decl":{"start":{"line":9,"column":22},"end":{"line":9,"column":28}},"loc":{"start":{"line":9,"column":28},"end":{"line":52,"column":null}}},"1":{"name":"(anonymous_1)","decl":{"start":{"line":15,"column":53},"end":{"line":15,"column":59}},"loc":{"start":{"line":15,"column":59},"end":{"line":17,"column":null}}},"2":{"name":"(anonymous_2)","decl":{"start":{"line":34,"column":22},"end":{"line":34,"column":23}},"loc":{"start":{"line":34,"column":33},"end":{"line":37,"column":null}}}},"branchMap":{"0":{"loc":{"start":{"line":45,"column":33},"end":{"line":45,"column":58}},"type":"binary-expr","locations":[{"start":{"line":45,"column":33},"end":{"line":45,"column":46}},{"start":{"line":45,"column":46},"end":{"line":45,"column":58}}]},"1":{"loc":{"start":{"line":46,"column":7},"end":{"line":48,"column":null}},"type":"cond-expr","locations":[{"start":{"line":47,"column":10},"end":{"line":47,"column":null}},{"start":{"line":48,"column":10},"end":{"line":48,"column":null}}]},"2":{"loc":{"start":{"line":46,"column":7},"end":{"line":46,"column":null}},"type":"binary-expr","locations":[{"start":{"line":46,"column":7},"end":{"line":46,"column":21}},{"start":{"line":46,"column":21},"end":{"line":46,"column":37}},{"start":{"line":46,"column":22},"end":{"line":46,"column":null}}]},"3":{"loc":{"start":{"line":46,"column":37},"end":{"line":46,"column":65}},"type":"binary-expr","locations":[{"start":{"line":46,"column":37},"end":{"line":46,"column":60}},{"start":{"line":46,"column":60},"end":{"line":46,"column":65}}]},"4":{"loc":{"start":{"line":47,"column":63},"end":{"line":47,"column":98}},"type":"cond-expr","locations":[{"start":{"line":47,"column":81},"end":{"line":47,"column":92}},{"start":{"line":47,"column":92},"end":{"line":47,"column":98}}]}},"s":{"0":1,"1":4,"2":4,"3":4,"4":4,"5":1,"6":4,"7":1,"8":1},"f":{"0":4,"1":1,"2":1},"b":{"0":[4,4],"1":[4,0],"2":[4,4,4],"3":[4,0],"4":[0,4]}}
,"D:/Projects/atask-test/src/hooks/useFetchUsername.ts": {"path":"D:/Projects/atask-test/src/hooks/useFetchUsername.ts","statementMap":{"0":{"start":{"line":5,"column":32},"end":{"line":33,"column":null}},"1":{"start":{"line":6,"column":34},"end":{"line":6,"column":null}},"2":{"start":{"line":7,"column":50},"end":{"line":7,"column":null}},"3":{"start":{"line":8,"column":48},"end":{"line":8,"column":null}},"4":{"start":{"line":9,"column":56},"end":{"line":9,"column":null}},"5":{"start":{"line":11,"column":29},"end":{"line":11,"column":null}},"6":{"start":{"line":12,"column":31},"end":{"line":12,"column":null}},"7":{"start":{"line":14,"column":23},"end":{"line":21,"column":null}},"8":{"start":{"line":18,"column":23},"end":{"line":18,"column":null}},"9":{"start":{"line":19,"column":6},"end":{"line":19,"column":null}},"10":{"start":{"line":23,"column":25},"end":{"line":30,"column":null}},"11":{"start":{"line":27,"column":23},"end":{"line":27,"column":null}},"12":{"start":{"line":28,"column":6},"end":{"line":28,"column":null}},"13":{"start":{"line":32,"column":2},"end":{"line":32,"column":null}}},"fnMap":{"0":{"name":"(anonymous_0)","decl":{"start":{"line":5,"column":32},"end":{"line":5,"column":38}},"loc":{"start":{"line":5,"column":38},"end":{"line":33,"column":null}}},"1":{"name":"(anonymous_1)","decl":{"start":{"line":17,"column":13},"end":{"line":17,"column":25}},"loc":{"start":{"line":17,"column":25},"end":{"line":20,"column":null}}},"2":{"name":"(anonymous_2)","decl":{"start":{"line":26,"column":13},"end":{"line":26,"column":25}},"loc":{"start":{"line":26,"column":25},"end":{"line":29,"column":null}}}},"branchMap":{"0":{"loc":{"start":{"line":24,"column":13},"end":{"line":24,"column":null}},"type":"binary-expr","locations":[{"start":{"line":24,"column":13},"end":{"line":24,"column":36}},{"start":{"line":24,"column":36},"end":{"line":24,"column":null}}]}},"s":{"0":0,"1":0,"2":0,"3":0,"4":0,"5":0,"6":0,"7":0,"8":0,"9":0,"10":0,"11":0,"12":0,"13":0},"f":{"0":0,"1":0,"2":0},"b":{"0":[0,0]}}
}
